<?xml version="1.0" encoding="UTF-8"?>
<testng-results skipped="0" failed="1" total="18" passed="17">
  <reporter-output>
  </reporter-output>
  <suite name="TestSuite" duration-ms="652263" started-at="2018-04-15T23:40:39Z" finished-at="2018-04-15T23:51:31Z">
    <groups>
    </groups>
    <test name="Xero TestCases Firefox browser" duration-ms="652263" started-at="2018-04-15T23:40:39Z" finished-at="2018-04-15T23:51:31Z">
      <class name="com.automation.xero.testcases.XeroTest">
        <test-method status="PASS" signature="setup()[pri:0, instance:com.automation.xero.testcases.XeroTest@cb5822]" name="setup" is-config="true" duration-ms="5031" started-at="2018-04-15T16:40:39Z" finished-at="2018-04-15T16:40:44Z">
          <reporter-output>
          </reporter-output>
        </test-method> <!-- setup -->
        <test-method status="PASS" signature="loginXero(java.lang.String)[pri:1, instance:com.automation.xero.testcases.XeroTest@cb5822]" name="loginXero" duration-ms="29322" started-at="2018-04-15T16:40:44Z" finished-at="2018-04-15T16:41:13Z">
          <params>
            <param index="0">
              <value>
                <![CDATA[firefox]]>
              </value>
            </param>
          </params>
          <reporter-output>
          </reporter-output>
        </test-method> <!-- loginXero -->
        <test-method status="PASS" signature="tearDown()[pri:0, instance:com.automation.xero.testcases.XeroTest@cb5822]" name="tearDown" is-config="true" duration-ms="3" started-at="2018-04-15T16:41:13Z" finished-at="2018-04-15T16:41:13Z">
          <reporter-output>
          </reporter-output>
        </test-method> <!-- tearDown -->
        <test-method status="PASS" signature="setup()[pri:0, instance:com.automation.xero.testcases.XeroTest@cb5822]" name="setup" is-config="true" duration-ms="5009" started-at="2018-04-15T16:41:13Z" finished-at="2018-04-15T16:41:18Z">
          <reporter-output>
          </reporter-output>
        </test-method> <!-- setup -->
        <test-method status="PASS" signature="loginIncorrectPass(java.lang.String)[pri:2, instance:com.automation.xero.testcases.XeroTest@cb5822]" name="loginIncorrectPass" duration-ms="24265" started-at="2018-04-15T16:41:18Z" finished-at="2018-04-15T16:41:42Z">
          <params>
            <param index="0">
              <value>
                <![CDATA[firefox]]>
              </value>
            </param>
          </params>
          <reporter-output>
          </reporter-output>
        </test-method> <!-- loginIncorrectPass -->
        <test-method status="PASS" signature="tearDown()[pri:0, instance:com.automation.xero.testcases.XeroTest@cb5822]" name="tearDown" is-config="true" duration-ms="1" started-at="2018-04-15T16:41:42Z" finished-at="2018-04-15T16:41:42Z">
          <reporter-output>
          </reporter-output>
        </test-method> <!-- tearDown -->
        <test-method status="PASS" signature="setup()[pri:0, instance:com.automation.xero.testcases.XeroTest@cb5822]" name="setup" is-config="true" duration-ms="5008" started-at="2018-04-15T16:41:42Z" finished-at="2018-04-15T16:41:47Z">
          <reporter-output>
          </reporter-output>
        </test-method> <!-- setup -->
        <test-method status="PASS" signature="loginIncorrectEmail(java.lang.String)[pri:3, instance:com.automation.xero.testcases.XeroTest@cb5822]" name="loginIncorrectEmail" duration-ms="22482" started-at="2018-04-15T16:41:47Z" finished-at="2018-04-15T16:42:10Z">
          <params>
            <param index="0">
              <value>
                <![CDATA[firefox]]>
              </value>
            </param>
          </params>
          <reporter-output>
          </reporter-output>
        </test-method> <!-- loginIncorrectEmail -->
        <test-method status="PASS" signature="tearDown()[pri:0, instance:com.automation.xero.testcases.XeroTest@cb5822]" name="tearDown" is-config="true" duration-ms="0" started-at="2018-04-15T16:42:10Z" finished-at="2018-04-15T16:42:10Z">
          <reporter-output>
          </reporter-output>
        </test-method> <!-- tearDown -->
        <test-method status="PASS" signature="setup()[pri:0, instance:com.automation.xero.testcases.XeroTest@cb5822]" name="setup" is-config="true" duration-ms="5010" started-at="2018-04-15T16:42:10Z" finished-at="2018-04-15T16:42:15Z">
          <reporter-output>
          </reporter-output>
        </test-method> <!-- setup -->
        <test-method status="PASS" signature="forgotPassword(java.lang.String)[pri:4, instance:com.automation.xero.testcases.XeroTest@cb5822]" name="forgotPassword" duration-ms="22455" started-at="2018-04-15T16:42:15Z" finished-at="2018-04-15T16:42:37Z">
          <params>
            <param index="0">
              <value>
                <![CDATA[firefox]]>
              </value>
            </param>
          </params>
          <reporter-output>
          </reporter-output>
        </test-method> <!-- forgotPassword -->
        <test-method status="PASS" signature="tearDown()[pri:0, instance:com.automation.xero.testcases.XeroTest@cb5822]" name="tearDown" is-config="true" duration-ms="0" started-at="2018-04-15T16:42:37Z" finished-at="2018-04-15T16:42:37Z">
          <reporter-output>
          </reporter-output>
        </test-method> <!-- tearDown -->
        <test-method status="PASS" signature="setup()[pri:0, instance:com.automation.xero.testcases.XeroTest@cb5822]" name="setup" is-config="true" duration-ms="5013" started-at="2018-04-15T16:42:37Z" finished-at="2018-04-15T16:42:42Z">
          <reporter-output>
          </reporter-output>
        </test-method> <!-- setup -->
        <test-method status="FAIL" signature="xdcSignup1(java.lang.String)[pri:5, instance:com.automation.xero.testcases.XeroTest@cb5822]" name="xdcSignup1" duration-ms="95923" started-at="2018-04-15T16:42:42Z" finished-at="2018-04-15T16:44:18Z">
          <params>
            <param index="0">
              <value>
                <![CDATA[firefox]]>
              </value>
            </param>
          </params>
          <exception class="org.openqa.selenium.NoSuchElementException">
            <message>
              <![CDATA[Unable to locate element: .//*[@id='signup-form-error-message-1']
For documentation on this error, please visit: http://seleniumhq.org/exceptions/no_such_element.html
Build info: version: '3.10.0', revision: '176b4a9', time: '2018-03-02T19:03:16.397Z'
System info: host: 'NUMPC', ip: '192.168.254.12', os.name: 'Windows 8.1', os.arch: 'amd64', os.version: '6.3', java.version: '1.8.0_31'
Driver info: org.openqa.selenium.firefox.FirefoxDriver
Capabilities {acceptInsecureCerts: true, browserName: firefox, browserVersion: 54.0.1, javascriptEnabled: true, moz:accessibilityChecks: false, moz:processID: 17376, moz:profile: C:\Users\Num\AppData\Local\..., pageLoadStrategy: normal, platform: XP, platformName: XP, platformVersion: 10.0, rotatable: false, specificationLevel: 0, timeouts: {implicit: 0, pageLoad: 300000, script: 30000}}
Session ID: 2276415f-706d-4c83-b489-b6bb76ff171e
*** Element info: {Using=xpath, value=.//*[@id='signup-form-error-message-1']}]]>
            </message>
            <full-stacktrace>
              <![CDATA[org.openqa.selenium.NoSuchElementException: Unable to locate element: .//*[@id='signup-form-error-message-1']
For documentation on this error, please visit: http://seleniumhq.org/exceptions/no_such_element.html
Build info: version: '3.10.0', revision: '176b4a9', time: '2018-03-02T19:03:16.397Z'
System info: host: 'NUMPC', ip: '192.168.254.12', os.name: 'Windows 8.1', os.arch: 'amd64', os.version: '6.3', java.version: '1.8.0_31'
Driver info: org.openqa.selenium.firefox.FirefoxDriver
Capabilities {acceptInsecureCerts: true, browserName: firefox, browserVersion: 54.0.1, javascriptEnabled: true, moz:accessibilityChecks: false, moz:processID: 17376, moz:profile: C:\Users\Num\AppData\Local\..., pageLoadStrategy: normal, platform: XP, platformName: XP, platformVersion: 10.0, rotatable: false, specificationLevel: 0, timeouts: {implicit: 0, pageLoad: 300000, script: 30000}}
Session ID: 2276415f-706d-4c83-b489-b6bb76ff171e
*** Element info: {Using=xpath, value=.//*[@id='signup-form-error-message-1']}
	at sun.reflect.NativeConstructorAccessorImpl.newInstance0(Native Method)
	at sun.reflect.NativeConstructorAccessorImpl.newInstance(Unknown Source)
	at sun.reflect.DelegatingConstructorAccessorImpl.newInstance(Unknown Source)
	at java.lang.reflect.Constructor.newInstance(Unknown Source)
	at org.openqa.selenium.remote.http.W3CHttpResponseCodec.createException(W3CHttpResponseCodec.java:187)
	at org.openqa.selenium.remote.http.W3CHttpResponseCodec.decode(W3CHttpResponseCodec.java:122)
	at org.openqa.selenium.remote.http.W3CHttpResponseCodec.decode(W3CHttpResponseCodec.java:49)
	at org.openqa.selenium.remote.HttpCommandExecutor.execute(HttpCommandExecutor.java:160)
	at org.openqa.selenium.remote.service.DriverCommandExecutor.execute(DriverCommandExecutor.java:83)
	at org.openqa.selenium.remote.RemoteWebDriver.execute(RemoteWebDriver.java:601)
	at org.openqa.selenium.remote.RemoteWebDriver.findElement(RemoteWebDriver.java:371)
	at org.openqa.selenium.remote.RemoteWebDriver.findElementByXPath(RemoteWebDriver.java:473)
	at org.openqa.selenium.By$ByXPath.findElement(By.java:361)
	at org.openqa.selenium.remote.RemoteWebDriver.findElement(RemoteWebDriver.java:363)
	at com.automation.xero.testcases.XeroTest.xdcSignup1(XeroTest.java:214)
	at sun.reflect.NativeMethodAccessorImpl.invoke0(Native Method)
	at sun.reflect.NativeMethodAccessorImpl.invoke(Unknown Source)
	at sun.reflect.DelegatingMethodAccessorImpl.invoke(Unknown Source)
	at java.lang.reflect.Method.invoke(Unknown Source)
	at org.testng.internal.MethodInvocationHelper.invokeMethod(MethodInvocationHelper.java:86)
	at org.testng.internal.Invoker.invokeMethod(Invoker.java:643)
	at org.testng.internal.Invoker.invokeTestMethod(Invoker.java:820)
	at org.testng.internal.Invoker.invokeTestMethods(Invoker.java:1128)
	at org.testng.internal.TestMethodWorker.invokeTestMethods(TestMethodWorker.java:129)
	at org.testng.internal.TestMethodWorker.run(TestMethodWorker.java:112)
	at org.testng.TestRunner.privateRun(TestRunner.java:782)
	at org.testng.TestRunner.run(TestRunner.java:632)
	at org.testng.SuiteRunner.runTest(SuiteRunner.java:366)
	at org.testng.SuiteRunner.runSequentially(SuiteRunner.java:361)
	at org.testng.SuiteRunner.privateRun(SuiteRunner.java:319)
	at org.testng.SuiteRunner.run(SuiteRunner.java:268)
	at org.testng.SuiteRunnerWorker.runSuite(SuiteRunnerWorker.java:52)
	at org.testng.SuiteRunnerWorker.run(SuiteRunnerWorker.java:86)
	at org.testng.TestNG.runSuitesSequentially(TestNG.java:1244)
	at org.testng.TestNG.runSuitesLocally(TestNG.java:1169)
	at org.testng.TestNG.run(TestNG.java:1064)
	at org.testng.remote.AbstractRemoteTestNG.run(AbstractRemoteTestNG.java:132)
	at org.testng.remote.RemoteTestNG.initAndRun(RemoteTestNG.java:236)
	at org.testng.remote.RemoteTestNG.main(RemoteTestNG.java:81)
]]>
            </full-stacktrace>
          </exception> <!-- org.openqa.selenium.NoSuchElementException -->
          <reporter-output>
          </reporter-output>
        </test-method> <!-- xdcSignup1 -->
        <test-method status="PASS" signature="tearDown()[pri:0, instance:com.automation.xero.testcases.XeroTest@cb5822]" name="tearDown" is-config="true" duration-ms="0" started-at="2018-04-15T16:44:18Z" finished-at="2018-04-15T16:44:18Z">
          <reporter-output>
          </reporter-output>
        </test-method> <!-- tearDown -->
        <test-method status="PASS" signature="setup()[pri:0, instance:com.automation.xero.testcases.XeroTest@cb5822]" name="setup" is-config="true" duration-ms="5000" started-at="2018-04-15T16:44:18Z" finished-at="2018-04-15T16:44:23Z">
          <reporter-output>
          </reporter-output>
        </test-method> <!-- setup -->
        <test-method status="PASS" signature="xdcSignup2(java.lang.String)[pri:6, instance:com.automation.xero.testcases.XeroTest@cb5822]" name="xdcSignup2" duration-ms="50857" started-at="2018-04-15T16:44:23Z" finished-at="2018-04-15T16:45:14Z">
          <params>
            <param index="0">
              <value>
                <![CDATA[firefox]]>
              </value>
            </param>
          </params>
          <reporter-output>
          </reporter-output>
        </test-method> <!-- xdcSignup2 -->
        <test-method status="PASS" signature="setup()[pri:0, instance:com.automation.xero.testcases.XeroTest@cb5822]" name="setup" is-config="true" duration-ms="5010" started-at="2018-04-15T16:45:14Z" finished-at="2018-04-15T16:45:19Z">
          <reporter-output>
          </reporter-output>
        </test-method> <!-- setup -->
        <test-method status="PASS" signature="tearDown()[pri:0, instance:com.automation.xero.testcases.XeroTest@cb5822]" name="tearDown" is-config="true" duration-ms="0" started-at="2018-04-15T16:45:14Z" finished-at="2018-04-15T16:45:14Z">
          <reporter-output>
          </reporter-output>
        </test-method> <!-- tearDown -->
        <test-method status="PASS" signature="xdcSignup3(java.lang.String)[pri:7, instance:com.automation.xero.testcases.XeroTest@cb5822]" name="xdcSignup3" duration-ms="44279" started-at="2018-04-15T16:45:19Z" finished-at="2018-04-15T16:46:04Z">
          <params>
            <param index="0">
              <value>
                <![CDATA[firefox]]>
              </value>
            </param>
          </params>
          <reporter-output>
          </reporter-output>
        </test-method> <!-- xdcSignup3 -->
        <test-method status="PASS" signature="tearDown()[pri:0, instance:com.automation.xero.testcases.XeroTest@cb5822]" name="tearDown" is-config="true" duration-ms="0" started-at="2018-04-15T16:46:04Z" finished-at="2018-04-15T16:46:04Z">
          <reporter-output>
          </reporter-output>
        </test-method> <!-- tearDown -->
        <test-method status="PASS" signature="setup()[pri:0, instance:com.automation.xero.testcases.XeroTest@cb5822]" name="setup" is-config="true" duration-ms="5009" started-at="2018-04-15T16:46:04Z" finished-at="2018-04-15T16:46:09Z">
          <reporter-output>
          </reporter-output>
        </test-method> <!-- setup -->
        <test-method status="PASS" signature="xdcSignup4(java.lang.String)[pri:8, instance:com.automation.xero.testcases.XeroTest@cb5822]" name="xdcSignup4" duration-ms="48931" started-at="2018-04-15T16:46:09Z" finished-at="2018-04-15T16:46:58Z">
          <params>
            <param index="0">
              <value>
                <![CDATA[firefox]]>
              </value>
            </param>
          </params>
          <reporter-output>
          </reporter-output>
        </test-method> <!-- xdcSignup4 -->
        <test-method status="PASS" signature="tearDown()[pri:0, instance:com.automation.xero.testcases.XeroTest@cb5822]" name="tearDown" is-config="true" duration-ms="0" started-at="2018-04-15T16:46:58Z" finished-at="2018-04-15T16:46:58Z">
          <reporter-output>
          </reporter-output>
        </test-method> <!-- tearDown -->
        <test-method status="PASS" signature="setup()[pri:0, instance:com.automation.xero.testcases.XeroTest@cb5822]" name="setup" is-config="true" duration-ms="5008" started-at="2018-04-15T16:46:58Z" finished-at="2018-04-15T16:47:03Z">
          <reporter-output>
          </reporter-output>
        </test-method> <!-- setup -->
        <test-method status="PASS" signature="testAllTabs(java.lang.String)[pri:9, instance:com.automation.xero.testcases.XeroTest@cb5822]" name="testAllTabs" duration-ms="53989" started-at="2018-04-15T16:47:03Z" finished-at="2018-04-15T16:47:57Z">
          <params>
            <param index="0">
              <value>
                <![CDATA[firefox]]>
              </value>
            </param>
          </params>
          <reporter-output>
          </reporter-output>
        </test-method> <!-- testAllTabs -->
        <test-method status="PASS" signature="tearDown()[pri:0, instance:com.automation.xero.testcases.XeroTest@cb5822]" name="tearDown" is-config="true" duration-ms="0" started-at="2018-04-15T16:47:57Z" finished-at="2018-04-15T16:47:57Z">
          <reporter-output>
          </reporter-output>
        </test-method> <!-- tearDown -->
        <test-method status="PASS" signature="setup()[pri:0, instance:com.automation.xero.testcases.XeroTest@cb5822]" name="setup" is-config="true" duration-ms="5009" started-at="2018-04-15T16:47:57Z" finished-at="2018-04-15T16:48:02Z">
          <reporter-output>
          </reporter-output>
        </test-method> <!-- setup -->
        <test-method status="PASS" signature="xeroLogout(java.lang.String)[pri:10, instance:com.automation.xero.testcases.XeroTest@cb5822]" name="xeroLogout" duration-ms="38571" started-at="2018-04-15T16:48:02Z" finished-at="2018-04-15T16:48:40Z">
          <params>
            <param index="0">
              <value>
                <![CDATA[firefox]]>
              </value>
            </param>
          </params>
          <reporter-output>
          </reporter-output>
        </test-method> <!-- xeroLogout -->
        <test-method status="PASS" signature="tearDown()[pri:0, instance:com.automation.xero.testcases.XeroTest@cb5822]" name="tearDown" is-config="true" duration-ms="3" started-at="2018-04-15T16:48:40Z" finished-at="2018-04-15T16:48:40Z">
          <reporter-output>
          </reporter-output>
        </test-method> <!-- tearDown -->
        <test-method status="PASS" signature="setup()[pri:0, instance:com.automation.xero.testcases.XeroTest@cb5822]" name="setup" is-config="true" duration-ms="5005" started-at="2018-04-15T16:48:40Z" finished-at="2018-04-15T16:48:45Z">
          <reporter-output>
          </reporter-output>
        </test-method> <!-- setup -->
        <test-method status="PASS" signature="testUpload(java.lang.String)[pri:11, instance:com.automation.xero.testcases.XeroTest@cb5822]" name="testUpload" duration-ms="15550" started-at="2018-04-15T16:48:45Z" finished-at="2018-04-15T16:49:01Z">
          <params>
            <param index="0">
              <value>
                <![CDATA[firefox]]>
              </value>
            </param>
          </params>
          <reporter-output>
          </reporter-output>
        </test-method> <!-- testUpload -->
        <test-method status="PASS" signature="tearDown()[pri:0, instance:com.automation.xero.testcases.XeroTest@cb5822]" name="tearDown" is-config="true" duration-ms="1" started-at="2018-04-15T16:49:01Z" finished-at="2018-04-15T16:49:01Z">
          <reporter-output>
          </reporter-output>
        </test-method> <!-- tearDown -->
        <test-method status="PASS" signature="setup()[pri:0, instance:com.automation.xero.testcases.XeroTest@cb5822]" name="setup" is-config="true" duration-ms="5006" started-at="2018-04-15T16:49:01Z" finished-at="2018-04-15T16:49:06Z">
          <reporter-output>
          </reporter-output>
        </test-method> <!-- setup -->
        <test-method status="PASS" signature="addOrg1(java.lang.String)[pri:12, instance:com.automation.xero.testcases.XeroTest@cb5822]" name="addOrg1" duration-ms="14987" started-at="2018-04-15T16:49:06Z" finished-at="2018-04-15T16:49:21Z">
          <params>
            <param index="0">
              <value>
                <![CDATA[firefox]]>
              </value>
            </param>
          </params>
          <reporter-output>
          </reporter-output>
        </test-method> <!-- addOrg1 -->
        <test-method status="PASS" signature="tearDown()[pri:0, instance:com.automation.xero.testcases.XeroTest@cb5822]" name="tearDown" is-config="true" duration-ms="16" started-at="2018-04-15T16:49:21Z" finished-at="2018-04-15T16:49:21Z">
          <reporter-output>
          </reporter-output>
        </test-method> <!-- tearDown -->
        <test-method status="PASS" signature="setup()[pri:0, instance:com.automation.xero.testcases.XeroTest@cb5822]" name="setup" is-config="true" duration-ms="5015" started-at="2018-04-15T16:49:21Z" finished-at="2018-04-15T16:49:26Z">
          <reporter-output>
          </reporter-output>
        </test-method> <!-- setup -->
        <test-method status="PASS" signature="addOrg2(java.lang.String)[pri:13, instance:com.automation.xero.testcases.XeroTest@cb5822]" name="addOrg2" duration-ms="18672" started-at="2018-04-15T16:49:26Z" finished-at="2018-04-15T16:49:44Z">
          <params>
            <param index="0">
              <value>
                <![CDATA[firefox]]>
              </value>
            </param>
          </params>
          <reporter-output>
          </reporter-output>
        </test-method> <!-- addOrg2 -->
        <test-method status="PASS" signature="tearDown()[pri:0, instance:com.automation.xero.testcases.XeroTest@cb5822]" name="tearDown" is-config="true" duration-ms="0" started-at="2018-04-15T16:49:44Z" finished-at="2018-04-15T16:49:44Z">
          <reporter-output>
          </reporter-output>
        </test-method> <!-- tearDown -->
        <test-method status="PASS" signature="setup()[pri:0, instance:com.automation.xero.testcases.XeroTest@cb5822]" name="setup" is-config="true" duration-ms="5018" started-at="2018-04-15T16:49:44Z" finished-at="2018-04-15T16:49:49Z">
          <reporter-output>
          </reporter-output>
        </test-method> <!-- setup -->
        <test-method status="PASS" signature="addOrg3(java.lang.String)[pri:14, instance:com.automation.xero.testcases.XeroTest@cb5822]" name="addOrg3" duration-ms="17039" started-at="2018-04-15T16:49:49Z" finished-at="2018-04-15T16:50:06Z">
          <params>
            <param index="0">
              <value>
                <![CDATA[firefox]]>
              </value>
            </param>
          </params>
          <reporter-output>
          </reporter-output>
        </test-method> <!-- addOrg3 -->
        <test-method status="PASS" signature="tearDown()[pri:0, instance:com.automation.xero.testcases.XeroTest@cb5822]" name="tearDown" is-config="true" duration-ms="0" started-at="2018-04-15T16:50:06Z" finished-at="2018-04-15T16:50:06Z">
          <reporter-output>
          </reporter-output>
        </test-method> <!-- tearDown -->
        <test-method status="PASS" signature="setup()[pri:0, instance:com.automation.xero.testcases.XeroTest@cb5822]" name="setup" is-config="true" duration-ms="5022" started-at="2018-04-15T16:50:07Z" finished-at="2018-04-15T16:50:12Z">
          <reporter-output>
          </reporter-output>
        </test-method> <!-- setup -->
        <test-method status="PASS" signature="addOrg4(java.lang.String)[pri:15, instance:com.automation.xero.testcases.XeroTest@cb5822]" name="addOrg4" duration-ms="15622" started-at="2018-04-15T16:50:12Z" finished-at="2018-04-15T16:50:27Z">
          <params>
            <param index="0">
              <value>
                <![CDATA[firefox]]>
              </value>
            </param>
          </params>
          <reporter-output>
          </reporter-output>
        </test-method> <!-- addOrg4 -->
        <test-method status="PASS" signature="tearDown()[pri:0, instance:com.automation.xero.testcases.XeroTest@cb5822]" name="tearDown" is-config="true" duration-ms="1" started-at="2018-04-15T16:50:27Z" finished-at="2018-04-15T16:50:27Z">
          <reporter-output>
          </reporter-output>
        </test-method> <!-- tearDown -->
        <test-method status="PASS" signature="setup()[pri:0, instance:com.automation.xero.testcases.XeroTest@cb5822]" name="setup" is-config="true" duration-ms="5016" started-at="2018-04-15T16:50:27Z" finished-at="2018-04-15T16:50:32Z">
          <reporter-output>
          </reporter-output>
        </test-method> <!-- setup -->
        <test-method status="PASS" signature="addOrg5(java.lang.String)[pri:16, instance:com.automation.xero.testcases.XeroTest@cb5822]" name="addOrg5" duration-ms="16623" started-at="2018-04-15T16:50:32Z" finished-at="2018-04-15T16:50:49Z">
          <params>
            <param index="0">
              <value>
                <![CDATA[firefox]]>
              </value>
            </param>
          </params>
          <reporter-output>
          </reporter-output>
        </test-method> <!-- addOrg5 -->
        <test-method status="PASS" signature="tearDown()[pri:0, instance:com.automation.xero.testcases.XeroTest@cb5822]" name="tearDown" is-config="true" duration-ms="1" started-at="2018-04-15T16:50:49Z" finished-at="2018-04-15T16:50:49Z">
          <reporter-output>
          </reporter-output>
        </test-method> <!-- tearDown -->
        <test-method status="PASS" signature="setup()[pri:0, instance:com.automation.xero.testcases.XeroTest@cb5822]" name="setup" is-config="true" duration-ms="5017" started-at="2018-04-15T16:50:49Z" finished-at="2018-04-15T16:50:54Z">
          <reporter-output>
          </reporter-output>
        </test-method> <!-- setup -->
        <test-method status="PASS" signature="addOrg6(java.lang.String)[pri:17, instance:com.automation.xero.testcases.XeroTest@cb5822]" name="addOrg6" duration-ms="16184" started-at="2018-04-15T16:50:54Z" finished-at="2018-04-15T16:51:10Z">
          <params>
            <param index="0">
              <value>
                <![CDATA[firefox]]>
              </value>
            </param>
          </params>
          <reporter-output>
          </reporter-output>
        </test-method> <!-- addOrg6 -->
        <test-method status="PASS" signature="tearDown()[pri:0, instance:com.automation.xero.testcases.XeroTest@cb5822]" name="tearDown" is-config="true" duration-ms="1" started-at="2018-04-15T16:51:10Z" finished-at="2018-04-15T16:51:10Z">
          <reporter-output>
          </reporter-output>
        </test-method> <!-- tearDown -->
        <test-method status="PASS" signature="setup()[pri:0, instance:com.automation.xero.testcases.XeroTest@cb5822]" name="setup" is-config="true" duration-ms="5005" started-at="2018-04-15T16:51:10Z" finished-at="2018-04-15T16:51:15Z">
          <reporter-output>
          </reporter-output>
        </test-method> <!-- setup -->
        <test-method status="PASS" signature="userLookout(java.lang.String)[pri:18, instance:com.automation.xero.testcases.XeroTest@cb5822]" name="userLookout" duration-ms="15941" started-at="2018-04-15T16:51:15Z" finished-at="2018-04-15T16:51:31Z">
          <params>
            <param index="0">
              <value>
                <![CDATA[firefox]]>
              </value>
            </param>
          </params>
          <reporter-output>
          </reporter-output>
        </test-method> <!-- userLookout -->
        <test-method status="PASS" signature="tearDown()[pri:0, instance:com.automation.xero.testcases.XeroTest@cb5822]" name="tearDown" is-config="true" duration-ms="0" started-at="2018-04-15T16:51:31Z" finished-at="2018-04-15T16:51:31Z">
          <reporter-output>
          </reporter-output>
        </test-method> <!-- tearDown -->
      </class> <!-- com.automation.xero.testcases.XeroTest -->
    </test> <!-- Xero TestCases Firefox browser -->
  </suite> <!-- TestSuite -->
</testng-results>
