<?xml version="1.0" encoding="UTF-8"?>
<testng-results skipped="0" failed="0" total="2" passed="2">
  <reporter-output>
  </reporter-output>
  <suite name="TestSuite" duration-ms="84697" started-at="2018-04-15T20:55:14Z" finished-at="2018-04-15T20:56:38Z">
    <groups>
    </groups>
    <test name="Xero TestCases Chrome Browser" duration-ms="44375" started-at="2018-04-15T20:55:14Z" finished-at="2018-04-15T20:55:58Z">
      <class name="com.automation.xero.testcases.XeroTest">
        <test-method status="PASS" signature="loginXero(java.lang.String)[pri:1, instance:com.automation.xero.testcases.XeroTest@3498ed]" name="loginXero" duration-ms="42743" started-at="2018-04-15T13:55:14Z" finished-at="2018-04-15T13:55:57Z">
          <params>
            <param index="0">
              <value>
                <![CDATA[chrome]]>
              </value>
            </param>
          </params>
          <reporter-output>
          </reporter-output>
        </test-method> <!-- loginXero -->
        <test-method status="PASS" signature="tearDown()[pri:0, instance:com.automation.xero.testcases.XeroTest@3498ed]" name="tearDown" is-config="true" duration-ms="1551" started-at="2018-04-15T13:55:57Z" finished-at="2018-04-15T13:55:58Z">
          <reporter-output>
          </reporter-output>
        </test-method> <!-- tearDown -->
      </class> <!-- com.automation.xero.testcases.XeroTest -->
    </test> <!-- Xero TestCases Chrome Browser -->
    <test name="Xero TestCases Firefox browser" duration-ms="40206" started-at="2018-04-15T20:55:58Z" finished-at="2018-04-15T20:56:38Z">
      <class name="com.automation.xero.testcases.XeroTest">
        <test-method status="PASS" signature="loginXero(java.lang.String)[pri:1, instance:com.automation.xero.testcases.XeroTest@180bc464]" name="loginXero" duration-ms="39074" started-at="2018-04-15T13:55:58Z" finished-at="2018-04-15T13:56:37Z">
          <params>
            <param index="0">
              <value>
                <![CDATA[firefox]]>
              </value>
            </param>
          </params>
          <reporter-output>
          </reporter-output>
        </test-method> <!-- loginXero -->
        <test-method status="PASS" signature="tearDown()[pri:0, instance:com.automation.xero.testcases.XeroTest@180bc464]" name="tearDown" is-config="true" duration-ms="1132" started-at="2018-04-15T13:56:37Z" finished-at="2018-04-15T13:56:38Z">
          <reporter-output>
          </reporter-output>
        </test-method> <!-- tearDown -->
      </class> <!-- com.automation.xero.testcases.XeroTest -->
    </test> <!-- Xero TestCases Firefox browser -->
  </suite> <!-- TestSuite -->
</testng-results>
