<?xml version="1.0" encoding="UTF-8"?>
<testsuite xmlns:xsi="http://www.w3.org/2001/XMLSchema-instance" xsi:schemaLocation="https://maven.apache.org/surefire/maven-surefire-plugin/xsd/surefire-test-report.xsd" name="TestSuite" time="87.283" tests="2" errors="0" skipped="0" failures="0">
  <properties>
[...]
</properties>
  <testcase name="loginXero" classname="com.automation.xero.testcases.XeroTest" time="42.743"/>
  <testcase name="loginXero" classname="com.automation.xero.testcases.XeroTest" time="39.08"/>
</testsuite>