<?xml version="1.0" encoding="UTF-8"?>
<testng-results skipped="0" failed="0" total="1" passed="1">
  <reporter-output>
  </reporter-output>
  <suite name="TestSuite" duration-ms="46246" started-at="2018-04-19T20:08:24Z" finished-at="2018-04-19T20:09:11Z">
    <groups>
    </groups>
    <test name="Xero TestCases Firefox browser" duration-ms="46246" started-at="2018-04-19T20:08:24Z" finished-at="2018-04-19T20:09:11Z">
      <class name="com.automation.xero.testcases.XeroTest">
        <test-method status="PASS" signature="setup()[pri:0, instance:com.automation.xero.testcases.XeroTest@380fb434]" name="setup" is-config="true" duration-ms="5047" started-at="2018-04-19T13:08:24Z" finished-at="2018-04-19T13:08:29Z">
          <reporter-output>
          </reporter-output>
        </test-method> <!-- setup -->
        <test-method status="PASS" signature="loginXero(java.lang.String)[pri:1, instance:com.automation.xero.testcases.XeroTest@380fb434]" name="loginXero" duration-ms="41137" started-at="2018-04-19T13:08:29Z" finished-at="2018-04-19T13:09:11Z">
          <params>
            <param index="0">
              <value>
                <![CDATA[firefox]]>
              </value>
            </param>
          </params>
          <reporter-output>
          </reporter-output>
        </test-method> <!-- loginXero -->
        <test-method status="PASS" signature="tearDown()[pri:0, instance:com.automation.xero.testcases.XeroTest@380fb434]" name="tearDown" is-config="true" duration-ms="0" started-at="2018-04-19T13:09:11Z" finished-at="2018-04-19T13:09:11Z">
          <reporter-output>
          </reporter-output>
        </test-method> <!-- tearDown -->
      </class> <!-- com.automation.xero.testcases.XeroTest -->
    </test> <!-- Xero TestCases Firefox browser -->
  </suite> <!-- TestSuite -->
</testng-results>
