<?xml version="1.0" encoding="UTF-8"?>
<!-- Generated by org.testng.reporters.JUnitXMLReporter -->
<testsuite hostname="NumPc" name="Default test" tests="2" failures="0" timestamp="15 Apr 2018 22:36:36 GMT" time="0.084" errors="0">
  <testcase name="loginXero" time="0.0" classname="com.automation.xero.testcases.XeroTest">
    <skipped/>
  </testcase> <!-- loginXero -->
  <testcase name="loginIncorrectPass" time="0.0" classname="com.automation.xero.testcases.XeroTest">
    <skipped/>
  </testcase> <!-- loginIncorrectPass -->
</testsuite> <!-- Default test -->
