<?xml version="1.0" encoding="UTF-8"?>
<!-- Generated by org.testng.reporters.JUnitXMLReporter -->
<testsuite hostname="NumPc" name="Xero TestCases Chrome Browser" tests="2" failures="0" timestamp="15 Apr 2018 22:39:50 GMT" time="65.04" errors="0">
  <testcase name="loginXero" time="30.602" classname="com.automation.xero.testcases.XeroTest"/>
  <testcase name="loginIncorrectPass" time="24.32" classname="com.automation.xero.testcases.XeroTest"/>
</testsuite> <!-- Xero TestCases Chrome Browser -->
