<?xml version="1.0" encoding="UTF-8"?>
<!-- Generated by org.testng.reporters.JUnitXMLReporter -->
<testsuite hostname="NumPc" name="Xero TestCases IE browser" tests="1" failures="1" timestamp="15 Apr 2018 19:37:24 GMT" time="0.368" errors="0">
  <testcase name="loginXero" time="0.095" classname="com.automation.xero.testcases.XeroTest">
    <failure type="java.lang.IllegalStateException" message="The driver executable does not exist: C:\Users\Num\Google Drive\NAMWorld\QATester\NamWorkPlace\com.selenium.pom\src\test\resources\IEDriverServer.exe">
      <![CDATA[java.lang.IllegalStateException: The driver executable does not exist: C:\Users\Num\Google Drive\NAMWorld\QATester\NamWorkPlace\com.selenium.pom\src\test\resources\IEDriverServer.exe
	at com.google.common.base.Preconditions.checkState(Preconditions.java:518)
	at org.openqa.selenium.remote.service.DriverService.checkExecutable(DriverService.java:136)
	at org.openqa.selenium.remote.service.DriverService.findExecutable(DriverService.java:131)
	at org.openqa.selenium.ie.InternetExplorerDriverService.access$000(InternetExplorerDriverService.java:32)
	at org.openqa.selenium.ie.InternetExplorerDriverService$Builder.findDefaultExecutable(InternetExplorerDriverService.java:167)
	at org.openqa.selenium.remote.service.DriverService$Builder.build(DriverService.java:330)
	at org.openqa.selenium.ie.InternetExplorerDriver.setupService(InternetExplorerDriver.java:288)
	at org.openqa.selenium.ie.InternetExplorerDriver.<init>(InternetExplorerDriver.java:210)
	at org.openqa.selenium.ie.InternetExplorerDriver.<init>(InternetExplorerDriver.java:154)
	at com.automation.xero.base.TestBase.launchBrowser(TestBase.java:70)
	at com.automation.xero.testcases.XeroTest.loginXero(XeroTest.java:53)
... Removed 24 stack frames]]>
    </failure>
  </testcase> <!-- loginXero -->
</testsuite> <!-- Xero TestCases IE browser -->
